<?xml version="1.0" encoding="UTF-8"?>
<!-- Generated by org.testng.reporters.JUnitXMLReporter -->
<testsuite ignored="23" hostname="NaveenDudhyal" failures="1" tests="1" name="Default test" time="9.367" errors="0" timestamp="2024-08-15T16:05:45 IST">
  <testcase classname="com.myshop.testcase.ContactUs_TestCase" name="TC001_verify_the_text_of_contact_btn" time="0.061">
    <failure type="java.lang.AssertionError" message="expected [null] but found [Contact us]">
      <![CDATA[java.lang.AssertionError: expected [null] but found [Contact us]
at org.testng.Assert.fail(Assert.java:111)
at org.testng.Assert.failNotEquals(Assert.java:1578)
at org.testng.Assert.assertEqualsImpl(Assert.java:150)
at org.testng.Assert.assertEquals(Assert.java:132)
at org.testng.Assert.assertEquals(Assert.java:656)
at org.testng.Assert.assertEquals(Assert.java:666)
at com.myshop.testcase.ContactUs_TestCase.TC001_verify_the_text_of_contact_btn(ContactUs_TestCase.java:44)
at java.base/jdk.internal.reflect.DirectMethodHandleAccessor.invoke(DirectMethodHandleAccessor.java:103)
at java.base/java.lang.reflect.Method.invoke(Method.java:580)
at org.testng.internal.invokers.MethodInvocationHelper.invokeMethod(MethodInvocationHelper.java:141)
at org.testng.internal.invokers.TestInvoker.invokeMethod(TestInvoker.java:686)
at org.testng.internal.invokers.TestInvoker.invokeTestMethod(TestInvoker.java:230)
at org.testng.internal.invokers.MethodRunner.runInSequence(MethodRunner.java:63)
at org.testng.internal.invokers.TestInvoker$MethodInvocationAgent.invoke(TestInvoker.java:992)
at org.testng.internal.invokers.TestInvoker.invokeTestMethods(TestInvoker.java:203)
at org.testng.internal.invokers.TestMethodWorker.invokeTestMethods(TestMethodWorker.java:154)
at org.testng.internal.invokers.TestMethodWorker.run(TestMethodWorker.java:134)
at java.base/java.util.ArrayList.forEach(ArrayList.java:1597)
at org.testng.TestRunner.privateRun(TestRunner.java:739)
at org.testng.TestRunner.run(TestRunner.java:614)
at org.testng.SuiteRunner.runTest(SuiteRunner.java:421)
at org.testng.SuiteRunner.runSequentially(SuiteRunner.java:413)
at org.testng.SuiteRunner.privateRun(SuiteRunner.java:373)
at org.testng.SuiteRunner.run(SuiteRunner.java:312)
at org.testng.SuiteRunnerWorker.runSuite(SuiteRunnerWorker.java:52)
at org.testng.SuiteRunnerWorker.run(SuiteRunnerWorker.java:95)
at org.testng.TestNG.runSuitesSequentially(TestNG.java:1274)
at org.testng.TestNG.runSuitesLocally(TestNG.java:1208)
at org.testng.TestNG.runSuites(TestNG.java:1112)
at org.testng.TestNG.run(TestNG.java:1079)
at org.testng.remote.AbstractRemoteTestNG.run(AbstractRemoteTestNG.java:115)
at org.testng.remote.RemoteTestNG.initAndRun(RemoteTestNG.java:293)
at org.testng.remote.RemoteTestNG.main(RemoteTestNG.java:91)
]]>
    </failure>
  </testcase> <!-- TC001_verify_the_text_of_contact_btn -->
  <testcase classname="com.myshop.testcase.ContactUs_TestCase" name="TC015_verify_that_selected_file_should_be_display_in_field" time="0.0">
    <ignored/>
  </testcase> <!-- TC015_verify_that_selected_file_should_be_display_in_field -->
  <testcase classname="com.myshop.testcase.ContactUs_TestCase" name="TC020_verify_that_all_error_message_display_properly" time="0.0">
    <ignored/>
  </testcase> <!-- TC020_verify_that_all_error_message_display_properly -->
  <testcase classname="com.myshop.testcase.ContactUs_TestCase" name="TC016_verify_that_Message_Box_display" time="0.0">
    <ignored/>
  </testcase> <!-- TC016_verify_that_Message_Box_display -->
  <testcase classname="com.myshop.testcase.ContactUs_TestCase" name="TC023_verify_that_homeBtn_functionality_works_properly_and_navigate_to_homePage" time="0.0">
    <ignored/>
  </testcase> <!-- TC023_verify_that_homeBtn_functionality_works_properly_and_navigate_to_homePage -->
  <testcase classname="com.myshop.testcase.ContactUs_TestCase" name="TC018_verify_that_sendBtn_functionality_display_and_works_properly" time="0.0">
    <ignored/>
  </testcase> <!-- TC018_verify_that_sendBtn_functionality_display_and_works_properly -->
  <testcase classname="com.myshop.testcase.ContactUs_TestCase" name="TC002_verify_that_contactUs_functionality_works_propelry" time="0.0">
    <ignored/>
  </testcase> <!-- TC002_verify_that_contactUs_functionality_works_propelry -->
  <testcase classname="com.myshop.testcase.ContactUs_TestCase" name="TC010_verify_that_user_can_type_and_entered_email_should_be_visible_in_emailField" time="0.0">
    <ignored/>
  </testcase> <!-- TC010_verify_that_user_can_type_and_entered_email_should_be_visible_in_emailField -->
  <testcase classname="com.myshop.testcase.ContactUs_TestCase" name="TC013_verify_that_user_can_type_and_entered_OrderNumber_should_be_visible_in_orderReferenceField" time="0.0">
    <ignored/>
  </testcase> <!-- TC013_verify_that_user_can_type_and_entered_OrderNumber_should_be_visible_in_orderReferenceField -->
  <testcase classname="com.myshop.testcase.ContactUs_TestCase" name="TC017_verify_the_label_for_message_box" time="0.0">
    <ignored/>
  </testcase> <!-- TC017_verify_the_label_for_message_box -->
  <testcase classname="com.myshop.testcase.ContactUs_TestCase" name="TC007_verify_that_dropdown_by_defauls_should_be_on_choose_option" time="0.0">
    <ignored/>
  </testcase> <!-- TC007_verify_that_dropdown_by_defauls_should_be_on_choose_option -->
  <testcase classname="com.myshop.testcase.ContactUs_TestCase" name="TC024_verify_that_after_submiting_the_all_detail_should_be_sent_to_entered_email" time="0.0">
    <ignored/>
  </testcase> <!-- TC024_verify_that_after_submiting_the_all_detail_should_be_sent_to_entered_email -->
  <testcase classname="com.myshop.testcase.ContactUs_TestCase" name="TC004_verify_that_dropfunctinality_and_label_display_and_works_properly" time="0.0">
    <ignored/>
  </testcase> <!-- TC004_verify_that_dropfunctinality_and_label_display_and_works_properly -->
  <testcase classname="com.myshop.testcase.ContactUs_TestCase" name="TC009_verify_that_email_field_is_display" time="0.0">
    <ignored/>
  </testcase> <!-- TC009_verify_that_email_field_is_display -->
  <testcase classname="com.myshop.testcase.ContactUs_TestCase" name="TC008_verify_the_label_of_email_fields" time="0.0">
    <ignored/>
  </testcase> <!-- TC008_verify_the_label_of_email_fields -->
  <testcase classname="com.myshop.testcase.ContactUs_TestCase" name="TC012_verify_the_label_of_order_ref" time="0.0">
    <ignored/>
  </testcase> <!-- TC012_verify_the_label_of_order_ref -->
  <testcase classname="com.myshop.testcase.ContactUs_TestCase" name="TC006_verify_that_after_select_option_Webmaster_then_it_should_show_For_any_question_about_a_product_an_order" time="0.0">
    <ignored/>
  </testcase> <!-- TC006_verify_that_after_select_option_Webmaster_then_it_should_show_For_any_question_about_a_product_an_order -->
  <testcase classname="com.myshop.testcase.ContactUs_TestCase" name="TC022_verify_that_home_text_is_proper" time="0.0">
    <ignored/>
  </testcase> <!-- TC022_verify_that_home_text_is_proper -->
  <testcase classname="com.myshop.testcase.ContactUs_TestCase" name="TC003_verify_that_after_redirecting_to_contactPage_CustomerServiceContactUs_text_and_SendAMessage_text_should_dispaly" time="0.0">
    <ignored/>
  </testcase> <!-- TC003_verify_that_after_redirecting_to_contactPage_CustomerServiceContactUs_text_and_SendAMessage_text_should_dispaly -->
  <testcase classname="com.myshop.testcase.ContactUs_TestCase" name="TC020_verify_that_user_can_submit_contact_form_successfully" time="0.0">
    <ignored/>
  </testcase> <!-- TC020_verify_that_user_can_submit_contact_form_successfully -->
  <testcase classname="com.myshop.testcase.ContactUs_TestCase" name="TC011_verify_that_orderReference_field_is_display" time="0.0">
    <ignored/>
  </testcase> <!-- TC011_verify_that_orderReference_field_is_display -->
  <testcase classname="com.myshop.testcase.ContactUs_TestCase" name="TC014_verify_the_label_of_Attch_file" time="0.0">
    <ignored/>
  </testcase> <!-- TC014_verify_the_label_of_Attch_file -->
  <testcase classname="com.myshop.testcase.ContactUs_TestCase" name="TC021_verify_that_after_submit_contact_form_home_button_should_display" time="0.0">
    <ignored/>
  </testcase> <!-- TC021_verify_that_after_submit_contact_form_home_button_should_display -->
  <testcase classname="com.myshop.testcase.ContactUs_TestCase" name="TC005_verify_that_after_select_option_CustomerService_then_it_should_show_For_any_question_about_a_product_an_order" time="0.0">
    <ignored/>
  </testcase> <!-- TC005_verify_that_after_select_option_CustomerService_then_it_should_show_For_any_question_about_a_product_an_order -->
</testsuite> <!-- Default test -->
