<?xml version="1.0" encoding="UTF-8"?>
<testng-results ignored="0" total="2" passed="1" failed="1" skipped="0">
  <reporter-output>
    <line>
      <![CDATA[Starting test case: TC002_verify_that_contactUs_functionality_works_propelry]]>
    </line>
    <line>
      <![CDATA[Clicking on the Contact button.]]>
    </line>
    <line>
      <![CDATA[Retrieving the current URL after clicking the Contact button.]]>
    </line>
    <line>
      <![CDATA[Current URL retrieved: http://www.automationpractice.pl/index.php?controller=contact]]>
    </line>
    <line>
      <![CDATA[Expected URL for comparison: http://www.automationpractice.pl/index.php?controller=contact]]>
    </line>
    <line>
      <![CDATA[Test case passed: Contact Us functionality works properly.]]>
    </line>
  </reporter-output>
  <suite started-at="2024-08-27T21:07:39 IST" name="Testing- TC001" finished-at="2024-08-27T21:07:56 IST" duration-ms="16182">
    <groups>
    </groups>
    <test started-at="2024-08-27T21:07:39 IST" name="Chrome Test" finished-at="2024-08-27T21:07:56 IST" duration-ms="16182">
      <class name="com.myshop.testcase.Testing">
        <test-method is-config="true" signature="xml_setup(java.lang.String)[pri:0, instance:com.myshop.testcase.Testing@3a3e4aff]" started-at="2024-08-27T21:07:40 IST" name="xml_setup" finished-at="2024-08-27T21:07:46 IST" duration-ms="6112" status="PASS">
          <params>
            <param index="0">
              <value>
                <![CDATA[Chrome]]>
              </value>
            </param>
          </params>
          <reporter-output>
          </reporter-output>
        </test-method> <!-- xml_setup -->
        <test-method signature="TC001_verify_the_text_of_contact_btn()[pri:1, instance:com.myshop.testcase.Testing@3a3e4aff]" started-at="2024-08-27T21:07:46 IST" name="TC001_verify_the_text_of_contact_btn" finished-at="2024-08-27T21:07:46 IST" duration-ms="108" status="FAIL">
          <exception class="java.lang.AssertionError">
            <message>
              <![CDATA[expected [null] but found [Contact us]]]>
            </message>
            <full-stacktrace>
              <![CDATA[java.lang.AssertionError: expected [null] but found [Contact us]
at org.testng.Assert.fail(Assert.java:111)
at org.testng.Assert.failNotEquals(Assert.java:1578)
at org.testng.Assert.assertEqualsImpl(Assert.java:150)
at org.testng.Assert.assertEquals(Assert.java:132)
at org.testng.Assert.assertEquals(Assert.java:656)
at org.testng.Assert.assertEquals(Assert.java:666)
at com.myshop.testcase.Testing.TC001_verify_the_text_of_contact_btn(Testing.java:31)
at java.base/jdk.internal.reflect.DirectMethodHandleAccessor.invoke(DirectMethodHandleAccessor.java:103)
at java.base/java.lang.reflect.Method.invoke(Method.java:580)
at org.testng.internal.invokers.MethodInvocationHelper.invokeMethod(MethodInvocationHelper.java:141)
at org.testng.internal.invokers.TestInvoker.invokeMethod(TestInvoker.java:686)
at org.testng.internal.invokers.TestInvoker.invokeTestMethod(TestInvoker.java:230)
at org.testng.internal.invokers.MethodRunner.runInSequence(MethodRunner.java:63)
at org.testng.internal.invokers.TestInvoker$MethodInvocationAgent.invoke(TestInvoker.java:992)
at org.testng.internal.invokers.TestInvoker.invokeTestMethods(TestInvoker.java:203)
at org.testng.internal.invokers.TestMethodWorker.invokeTestMethods(TestMethodWorker.java:154)
at org.testng.internal.invokers.TestMethodWorker.run(TestMethodWorker.java:134)
at java.base/java.util.ArrayList.forEach(ArrayList.java:1597)
at org.testng.TestRunner.privateRun(TestRunner.java:739)
at org.testng.TestRunner.run(TestRunner.java:614)
at org.testng.SuiteRunner.runTest(SuiteRunner.java:421)
at org.testng.SuiteRunner.runSequentially(SuiteRunner.java:413)
at org.testng.SuiteRunner.privateRun(SuiteRunner.java:373)
at org.testng.SuiteRunner.run(SuiteRunner.java:312)
at org.testng.SuiteRunnerWorker.runSuite(SuiteRunnerWorker.java:52)
at org.testng.SuiteRunnerWorker.run(SuiteRunnerWorker.java:95)
at org.testng.TestNG.runSuitesSequentially(TestNG.java:1274)
at org.testng.TestNG.runSuitesLocally(TestNG.java:1208)
at org.testng.TestNG.runSuites(TestNG.java:1112)
at org.testng.TestNG.run(TestNG.java:1079)
at org.testng.remote.AbstractRemoteTestNG.run(AbstractRemoteTestNG.java:115)
at org.testng.remote.RemoteTestNG.initAndRun(RemoteTestNG.java:293)
at org.testng.remote.RemoteTestNG.main(RemoteTestNG.java:91)
]]>
            </full-stacktrace>
          </exception> <!-- java.lang.AssertionError -->
          <reporter-output>
          </reporter-output>
        </test-method> <!-- TC001_verify_the_text_of_contact_btn -->
        <test-method is-config="true" signature="xml_tearDown()[pri:0, instance:com.myshop.testcase.Testing@3a3e4aff]" started-at="2024-08-27T21:07:46 IST" name="xml_tearDown" finished-at="2024-08-27T21:07:48 IST" duration-ms="1337" status="PASS">
          <reporter-output>
          </reporter-output>
        </test-method> <!-- xml_tearDown -->
        <test-method is-config="true" signature="xml_setup(java.lang.String)[pri:0, instance:com.myshop.testcase.Testing@3a3e4aff]" started-at="2024-08-27T21:07:48 IST" name="xml_setup" finished-at="2024-08-27T21:07:54 IST" duration-ms="5952" status="PASS">
          <params>
            <param index="0">
              <value>
                <![CDATA[Chrome]]>
              </value>
            </param>
          </params>
          <reporter-output>
          </reporter-output>
        </test-method> <!-- xml_setup -->
        <test-method signature="TC002_verify_that_contactUs_functionality_works_propelry()[pri:2, instance:com.myshop.testcase.Testing@3a3e4aff]" started-at="2024-08-27T21:07:54 IST" name="TC002_verify_that_contactUs_functionality_works_propelry" finished-at="2024-08-27T21:07:54 IST" duration-ms="847" status="PASS">
          <reporter-output>
            <line>
              <![CDATA[Starting test case: TC002_verify_that_contactUs_functionality_works_propelry]]>
            </line>
            <line>
              <![CDATA[Clicking on the Contact button.]]>
            </line>
            <line>
              <![CDATA[Retrieving the current URL after clicking the Contact button.]]>
            </line>
            <line>
              <![CDATA[Current URL retrieved: http://www.automationpractice.pl/index.php?controller=contact]]>
            </line>
            <line>
              <![CDATA[Expected URL for comparison: http://www.automationpractice.pl/index.php?controller=contact]]>
            </line>
            <line>
              <![CDATA[Test case passed: Contact Us functionality works properly.]]>
            </line>
          </reporter-output>
        </test-method> <!-- TC002_verify_that_contactUs_functionality_works_propelry -->
        <test-method is-config="true" signature="xml_tearDown()[pri:0, instance:com.myshop.testcase.Testing@3a3e4aff]" started-at="2024-08-27T21:07:54 IST" name="xml_tearDown" finished-at="2024-08-27T21:07:56 IST" duration-ms="1228" status="PASS">
          <reporter-output>
          </reporter-output>
        </test-method> <!-- xml_tearDown -->
      </class> <!-- com.myshop.testcase.Testing -->
    </test> <!-- Chrome Test -->
  </suite> <!-- Testing- TC001 -->
</testng-results>
