<?xml version="1.0" encoding="UTF-8"?>
<!-- Generated by org.testng.reporters.JUnitXMLReporter -->
<testsuite ignored="1" hostname="NaveenDudhyal" failures="1" tests="1" name="Chrome Test" time="14.114" errors="0" timestamp="2024-08-13T21:51:17 IST">
  <testcase classname="com.myshop.testcase.Testing" name="TC001_verify_the_text_of_contact_btn" time="0.408">
    <failure type="java.lang.AssertionError" message="expected [null] but found [Contact us]">
      <![CDATA[java.lang.AssertionError: expected [null] but found [Contact us]
at com.myshop.testcase.Testing.TC001_verify_the_text_of_contact_btn(Testing.java:29)
at java.base/java.util.ArrayList.forEach(ArrayList.java:1597)
... Removed 31 stack frames]]>
    </failure>
  </testcase> <!-- TC001_verify_the_text_of_contact_btn -->
  <testcase classname="com.myshop.testcase.Testing" name="TC002_verify_that_contactUs_functionality_works_propelry" time="0.0">
    <ignored/>
  </testcase> <!-- TC002_verify_that_contactUs_functionality_works_propelry -->
</testsuite> <!-- Chrome Test -->
